<?xml version="1.0" encoding="UTF-8"?>
<!-- Generated by org.testng.reporters.JUnitXMLReporter -->
<testsuite ignored="0" hostname="DESKTOP-A4IQAAO" failures="0" tests="8" name="Default test" time="560.239" errors="0" timestamp="2023-05-20T13:19:28 EET">
  <testcase classname="TestingClassLuma" name="CreatAnAccaount" time="11.592"/>
  <testcase classname="TestingClassLuma" name="SearchRandomItemsAndPrintTheName" time="3.318"/>
  <testcase classname="TestingClassLuma" name="Add5ItemsToTheCartWithRandomlySizeAndColor" time="131.461"/>
  <testcase classname="TestingClassLuma" name="FusionBackpackAddToCart5Times" time="20.125"/>
  <testcase classname="TestingClassLuma" name="ShippingAddressInfo" time="30.013"/>
  <testcase classname="TestingClassLuma" name="ChickThePrice" time="12.403"/>
  <testcase classname="TestingClassLuma" name="ReInter_The_WebSite_And_ReOrder" time="338.477"/>
  <testcase classname="TestingClassLuma" name="CheckLast5InvoicesSamePrice" time="10.132"/>
</testsuite> <!-- Default test -->
