<?xml version="1.0" encoding="UTF-8"?>
<testng-results ignored="0" total="8" passed="8" failed="0" skipped="0">
  <reporter-output>
  </reporter-output>
  <suite started-at="2023-05-20T13:10:08 EET" name="Default suite" finished-at="2023-05-20T13:19:28 EET" duration-ms="560239">
    <groups>
    </groups>
    <test started-at="2023-05-20T13:10:08 EET" name="Default test" finished-at="2023-05-20T13:19:28 EET" duration-ms="560239">
      <class name="TestingClassLuma">
        <test-method is-config="true" signature="MyBeforeTest()[pri:0, instance:TestingClassLuma@4fa06f52]" started-at="2023-05-20T13:10:08 EET" name="MyBeforeTest" finished-at="2023-05-20T13:10:11 EET" duration-ms="2637" status="PASS">
          <reporter-output>
          </reporter-output>
        </test-method> <!-- MyBeforeTest -->
        <test-method signature="CreatAnAccaount()[pri:1, instance:TestingClassLuma@4fa06f52]" started-at="2023-05-20T13:10:11 EET" name="CreatAnAccaount" finished-at="2023-05-20T13:10:22 EET" duration-ms="11592" status="PASS">
          <reporter-output>
          </reporter-output>
        </test-method> <!-- CreatAnAccaount -->
        <test-method signature="SearchRandomItemsAndPrintTheName()[pri:2, instance:TestingClassLuma@4fa06f52]" started-at="2023-05-20T13:10:22 EET" name="SearchRandomItemsAndPrintTheName" finished-at="2023-05-20T13:10:26 EET" duration-ms="3318" status="PASS">
          <reporter-output>
          </reporter-output>
        </test-method> <!-- SearchRandomItemsAndPrintTheName -->
        <test-method signature="Add5ItemsToTheCartWithRandomlySizeAndColor()[pri:3, instance:TestingClassLuma@4fa06f52]" started-at="2023-05-20T13:10:26 EET" name="Add5ItemsToTheCartWithRandomlySizeAndColor" finished-at="2023-05-20T13:12:37 EET" duration-ms="131461" status="PASS">
          <reporter-output>
          </reporter-output>
        </test-method> <!-- Add5ItemsToTheCartWithRandomlySizeAndColor -->
        <test-method signature="FusionBackpackAddToCart5Times()[pri:4, instance:TestingClassLuma@4fa06f52]" started-at="2023-05-20T13:12:37 EET" name="FusionBackpackAddToCart5Times" finished-at="2023-05-20T13:12:57 EET" duration-ms="20125" status="PASS">
          <reporter-output>
          </reporter-output>
        </test-method> <!-- FusionBackpackAddToCart5Times -->
        <test-method signature="ShippingAddressInfo()[pri:5, instance:TestingClassLuma@4fa06f52]" started-at="2023-05-20T13:12:57 EET" name="ShippingAddressInfo" finished-at="2023-05-20T13:13:27 EET" duration-ms="30013" status="PASS">
          <reporter-output>
          </reporter-output>
        </test-method> <!-- ShippingAddressInfo -->
        <test-method signature="ChickThePrice()[pri:6, instance:TestingClassLuma@4fa06f52]" started-at="2023-05-20T13:13:27 EET" name="ChickThePrice" finished-at="2023-05-20T13:13:40 EET" duration-ms="12403" status="PASS">
          <reporter-output>
          </reporter-output>
        </test-method> <!-- ChickThePrice -->
        <test-method signature="ReInter_The_WebSite_And_ReOrder()[pri:7, instance:TestingClassLuma@4fa06f52]" started-at="2023-05-20T13:13:40 EET" name="ReInter_The_WebSite_And_ReOrder" finished-at="2023-05-20T13:19:18 EET" duration-ms="338477" status="PASS">
          <reporter-output>
          </reporter-output>
        </test-method> <!-- ReInter_The_WebSite_And_ReOrder -->
        <test-method signature="CheckLast5InvoicesSamePrice()[pri:8, instance:TestingClassLuma@4fa06f52]" started-at="2023-05-20T13:19:18 EET" name="CheckLast5InvoicesSamePrice" finished-at="2023-05-20T13:19:28 EET" duration-ms="10132" status="PASS">
          <reporter-output>
          </reporter-output>
        </test-method> <!-- CheckLast5InvoicesSamePrice -->
      </class> <!-- TestingClassLuma -->
    </test> <!-- Default test -->
  </suite> <!-- Default suite -->
</testng-results>
